The system is: Linux - 2.6.32-696.1.1.el6.x86_64 - x86_64
Compiling the C compiler identification source file "CMakeCCompilerId.c" succeeded.
Compiler: /cern/gcc/4.8/bin/gcc 
Build flags: 
Id flags: 

The output was:
0


Compilation of the C compiler identification source "CMakeCCompilerId.c" produced "a.out"

The C compiler identification is GNU, found in "/home/torimaru/geant4_workdir/build/CMakeFiles/3.7.2/CompilerIdC/a.out"

Compiling the CXX compiler identification source file "CMakeCXXCompilerId.cpp" succeeded.
Compiler: /cern/gcc/4.8/bin/g++ 
Build flags: 
Id flags: 

The output was:
0


Compilation of the CXX compiler identification source "CMakeCXXCompilerId.cpp" produced "a.out"

The CXX compiler identification is GNU, found in "/home/torimaru/geant4_workdir/build/CMakeFiles/3.7.2/CompilerIdCXX/a.out"

Determining if the C compiler works passed with the following output:
Change Dir: /home/torimaru/geant4_workdir/build/CMakeFiles/CMakeTmp

Run Build Command:"/usr/bin/gmake" "cmTC_473ff/fast"
/usr/bin/gmake -f CMakeFiles/cmTC_473ff.dir/build.make CMakeFiles/cmTC_473ff.dir/build
gmake[1]: Entering directory `/home/torimaru/geant4_workdir/build/CMakeFiles/CMakeTmp'
Building C object CMakeFiles/cmTC_473ff.dir/testCCompiler.c.o
/cern/gcc/4.8/bin/gcc     -o CMakeFiles/cmTC_473ff.dir/testCCompiler.c.o   -c /home/torimaru/geant4_workdir/build/CMakeFiles/CMakeTmp/testCCompiler.c
Linking C executable cmTC_473ff
/usr/local/bin/cmake -E cmake_link_script CMakeFiles/cmTC_473ff.dir/link.txt --verbose=1
/cern/gcc/4.8/bin/gcc       CMakeFiles/cmTC_473ff.dir/testCCompiler.c.o  -o cmTC_473ff -rdynamic 
gmake[1]: Leaving directory `/home/torimaru/geant4_workdir/build/CMakeFiles/CMakeTmp'


Detecting C compiler ABI info compiled with the following output:
Change Dir: /home/torimaru/geant4_workdir/build/CMakeFiles/CMakeTmp

Run Build Command:"/usr/bin/gmake" "cmTC_2469e/fast"
/usr/bin/gmake -f CMakeFiles/cmTC_2469e.dir/build.make CMakeFiles/cmTC_2469e.dir/build
gmake[1]: Entering directory `/home/torimaru/geant4_workdir/build/CMakeFiles/CMakeTmp'
Building C object CMakeFiles/cmTC_2469e.dir/CMakeCCompilerABI.c.o
/cern/gcc/4.8/bin/gcc     -o CMakeFiles/cmTC_2469e.dir/CMakeCCompilerABI.c.o   -c /usr/local/share/cmake-3.7/Modules/CMakeCCompilerABI.c
Linking C executable cmTC_2469e
/usr/local/bin/cmake -E cmake_link_script CMakeFiles/cmTC_2469e.dir/link.txt --verbose=1
/cern/gcc/4.8/bin/gcc      -v CMakeFiles/cmTC_2469e.dir/CMakeCCompilerABI.c.o  -o cmTC_2469e -rdynamic  
Using built-in specs.
COLLECT_GCC=/cern/gcc/4.8/bin/gcc
COLLECT_LTO_WRAPPER=/net/megsrv00/megpv00/nfs/users/muegamma/cern/gcc/4.8.4/bin/../libexec/gcc/x86_64-unknown-linux-gnu/4.8.4/lto-wrapper
Target: x86_64-unknown-linux-gnu
Configured with: ../configure --prefix=/usr/local/gcc/4.8.4 --enable-languages=c,c++,fortran --disable-multilib --disable-bootstrap --with-mpc=/usr/lib64
Thread model: posix
gcc version 4.8.4 (GCC) 
COMPILER_PATH=/net/megsrv00/megpv00/nfs/users/muegamma/cern/gcc/4.8.4/bin/../libexec/gcc/x86_64-unknown-linux-gnu/4.8.4/:/net/megsrv00/megpv00/nfs/users/muegamma/cern/gcc/4.8.4/bin/../libexec/gcc/:/cern/gcc/4.8/lib/gcc/x86_64-unknown-linux-gnu/4.8.4/
LIBRARY_PATH=/net/megsrv00/megpv00/nfs/users/muegamma/cern/gcc/4.8.4/bin/../lib/gcc/x86_64-unknown-linux-gnu/4.8.4/:/net/megsrv00/megpv00/nfs/users/muegamma/cern/gcc/4.8.4/bin/../lib/gcc/:/net/megsrv00/megpv00/nfs/users/muegamma/cern/gcc/4.8.4/bin/../lib/gcc/x86_64-unknown-linux-gnu/4.8.4/../../../../lib64/:/lib/../lib64/:/usr/lib/../lib64/:/net/megsrv00/megpv00/nfs/users/muegamma/cern/gcc/4.8.4/bin/../lib/gcc/x86_64-unknown-linux-gnu/4.8.4/../../../:/lib/:/usr/lib/
COLLECT_GCC_OPTIONS='-v' '-o' 'cmTC_2469e' '-rdynamic' '-mtune=generic' '-march=x86-64'
 /net/megsrv00/megpv00/nfs/users/muegamma/cern/gcc/4.8.4/bin/../libexec/gcc/x86_64-unknown-linux-gnu/4.8.4/collect2 --eh-frame-hdr -m elf_x86_64 -export-dynamic -dynamic-linker /lib64/ld-linux-x86-64.so.2 -o cmTC_2469e /usr/lib/../lib64/crt1.o /usr/lib/../lib64/crti.o /net/megsrv00/megpv00/nfs/users/muegamma/cern/gcc/4.8.4/bin/../lib/gcc/x86_64-unknown-linux-gnu/4.8.4/crtbegin.o -L/net/megsrv00/megpv00/nfs/users/muegamma/cern/gcc/4.8.4/bin/../lib/gcc/x86_64-unknown-linux-gnu/4.8.4 -L/net/megsrv00/megpv00/nfs/users/muegamma/cern/gcc/4.8.4/bin/../lib/gcc -L/net/megsrv00/megpv00/nfs/users/muegamma/cern/gcc/4.8.4/bin/../lib/gcc/x86_64-unknown-linux-gnu/4.8.4/../../../../lib64 -L/lib/../lib64 -L/usr/lib/../lib64 -L/net/megsrv00/megpv00/nfs/users/muegamma/cern/gcc/4.8.4/bin/../lib/gcc/x86_64-unknown-linux-gnu/4.8.4/../../.. CMakeFiles/cmTC_2469e.dir/CMakeCCompilerABI.c.o -lgcc --as-needed -lgcc_s --no-as-needed -lc -lgcc --as-needed -lgcc_s --no-as-needed /net/megsrv00/megpv00/nfs/users/muegamma/cern/gcc/4.8.4/bin/../lib/gcc/x86_64-unknown-linux-gnu/4.8.4/crtend.o /usr/lib/../lib64/crtn.o
gmake[1]: Leaving directory `/home/torimaru/geant4_workdir/build/CMakeFiles/CMakeTmp'


Parsed C implicit link information from above output:
  link line regex: [^( *|.*[/\])(ld|([^/\]+-)?ld|collect2)[^/\]*( |$)]
  ignore line: [Change Dir: /home/torimaru/geant4_workdir/build/CMakeFiles/CMakeTmp]
  ignore line: []
  ignore line: [Run Build Command:"/usr/bin/gmake" "cmTC_2469e/fast"]
  ignore line: [/usr/bin/gmake -f CMakeFiles/cmTC_2469e.dir/build.make CMakeFiles/cmTC_2469e.dir/build]
  ignore line: [gmake[1]: Entering directory `/home/torimaru/geant4_workdir/build/CMakeFiles/CMakeTmp']
  ignore line: [Building C object CMakeFiles/cmTC_2469e.dir/CMakeCCompilerABI.c.o]
  ignore line: [/cern/gcc/4.8/bin/gcc     -o CMakeFiles/cmTC_2469e.dir/CMakeCCompilerABI.c.o   -c /usr/local/share/cmake-3.7/Modules/CMakeCCompilerABI.c]
  ignore line: [Linking C executable cmTC_2469e]
  ignore line: [/usr/local/bin/cmake -E cmake_link_script CMakeFiles/cmTC_2469e.dir/link.txt --verbose=1]
  ignore line: [/cern/gcc/4.8/bin/gcc      -v CMakeFiles/cmTC_2469e.dir/CMakeCCompilerABI.c.o  -o cmTC_2469e -rdynamic  ]
  ignore line: [Using built-in specs.]
  ignore line: [COLLECT_GCC=/cern/gcc/4.8/bin/gcc]
  ignore line: [COLLECT_LTO_WRAPPER=/net/megsrv00/megpv00/nfs/users/muegamma/cern/gcc/4.8.4/bin/../libexec/gcc/x86_64-unknown-linux-gnu/4.8.4/lto-wrapper]
  ignore line: [Target: x86_64-unknown-linux-gnu]
  ignore line: [Configured with: ../configure --prefix=/usr/local/gcc/4.8.4 --enable-languages=c,c++,fortran --disable-multilib --disable-bootstrap --with-mpc=/usr/lib64]
  ignore line: [Thread model: posix]
  ignore line: [gcc version 4.8.4 (GCC) ]
  ignore line: [COMPILER_PATH=/net/megsrv00/megpv00/nfs/users/muegamma/cern/gcc/4.8.4/bin/../libexec/gcc/x86_64-unknown-linux-gnu/4.8.4/:/net/megsrv00/megpv00/nfs/users/muegamma/cern/gcc/4.8.4/bin/../libexec/gcc/:/cern/gcc/4.8/lib/gcc/x86_64-unknown-linux-gnu/4.8.4/]
  ignore line: [LIBRARY_PATH=/net/megsrv00/megpv00/nfs/users/muegamma/cern/gcc/4.8.4/bin/../lib/gcc/x86_64-unknown-linux-gnu/4.8.4/:/net/megsrv00/megpv00/nfs/users/muegamma/cern/gcc/4.8.4/bin/../lib/gcc/:/net/megsrv00/megpv00/nfs/users/muegamma/cern/gcc/4.8.4/bin/../lib/gcc/x86_64-unknown-linux-gnu/4.8.4/../../../../lib64/:/lib/../lib64/:/usr/lib/../lib64/:/net/megsrv00/megpv00/nfs/users/muegamma/cern/gcc/4.8.4/bin/../lib/gcc/x86_64-unknown-linux-gnu/4.8.4/../../../:/lib/:/usr/lib/]
  ignore line: [COLLECT_GCC_OPTIONS='-v' '-o' 'cmTC_2469e' '-rdynamic' '-mtune=generic' '-march=x86-64']
  link line: [ /net/megsrv00/megpv00/nfs/users/muegamma/cern/gcc/4.8.4/bin/../libexec/gcc/x86_64-unknown-linux-gnu/4.8.4/collect2 --eh-frame-hdr -m elf_x86_64 -export-dynamic -dynamic-linker /lib64/ld-linux-x86-64.so.2 -o cmTC_2469e /usr/lib/../lib64/crt1.o /usr/lib/../lib64/crti.o /net/megsrv00/megpv00/nfs/users/muegamma/cern/gcc/4.8.4/bin/../lib/gcc/x86_64-unknown-linux-gnu/4.8.4/crtbegin.o -L/net/megsrv00/megpv00/nfs/users/muegamma/cern/gcc/4.8.4/bin/../lib/gcc/x86_64-unknown-linux-gnu/4.8.4 -L/net/megsrv00/megpv00/nfs/users/muegamma/cern/gcc/4.8.4/bin/../lib/gcc -L/net/megsrv00/megpv00/nfs/users/muegamma/cern/gcc/4.8.4/bin/../lib/gcc/x86_64-unknown-linux-gnu/4.8.4/../../../../lib64 -L/lib/../lib64 -L/usr/lib/../lib64 -L/net/megsrv00/megpv00/nfs/users/muegamma/cern/gcc/4.8.4/bin/../lib/gcc/x86_64-unknown-linux-gnu/4.8.4/../../.. CMakeFiles/cmTC_2469e.dir/CMakeCCompilerABI.c.o -lgcc --as-needed -lgcc_s --no-as-needed -lc -lgcc --as-needed -lgcc_s --no-as-needed /net/megsrv00/megpv00/nfs/users/muegamma/cern/gcc/4.8.4/bin/../lib/gcc/x86_64-unknown-linux-gnu/4.8.4/crtend.o /usr/lib/../lib64/crtn.o]
    arg [/net/megsrv00/megpv00/nfs/users/muegamma/cern/gcc/4.8.4/bin/../libexec/gcc/x86_64-unknown-linux-gnu/4.8.4/collect2] ==> ignore
    arg [--eh-frame-hdr] ==> ignore
    arg [-m] ==> ignore
    arg [elf_x86_64] ==> ignore
    arg [-export-dynamic] ==> ignore
    arg [-dynamic-linker] ==> ignore
    arg [/lib64/ld-linux-x86-64.so.2] ==> ignore
    arg [-o] ==> ignore
    arg [cmTC_2469e] ==> ignore
    arg [/usr/lib/../lib64/crt1.o] ==> ignore
    arg [/usr/lib/../lib64/crti.o] ==> ignore
    arg [/net/megsrv00/megpv00/nfs/users/muegamma/cern/gcc/4.8.4/bin/../lib/gcc/x86_64-unknown-linux-gnu/4.8.4/crtbegin.o] ==> ignore
    arg [-L/net/megsrv00/megpv00/nfs/users/muegamma/cern/gcc/4.8.4/bin/../lib/gcc/x86_64-unknown-linux-gnu/4.8.4] ==> dir [/net/megsrv00/megpv00/nfs/users/muegamma/cern/gcc/4.8.4/bin/../lib/gcc/x86_64-unknown-linux-gnu/4.8.4]
    arg [-L/net/megsrv00/megpv00/nfs/users/muegamma/cern/gcc/4.8.4/bin/../lib/gcc] ==> dir [/net/megsrv00/megpv00/nfs/users/muegamma/cern/gcc/4.8.4/bin/../lib/gcc]
    arg [-L/net/megsrv00/megpv00/nfs/users/muegamma/cern/gcc/4.8.4/bin/../lib/gcc/x86_64-unknown-linux-gnu/4.8.4/../../../../lib64] ==> dir [/net/megsrv00/megpv00/nfs/users/muegamma/cern/gcc/4.8.4/bin/../lib/gcc/x86_64-unknown-linux-gnu/4.8.4/../../../../lib64]
    arg [-L/lib/../lib64] ==> dir [/lib/../lib64]
    arg [-L/usr/lib/../lib64] ==> dir [/usr/lib/../lib64]
    arg [-L/net/megsrv00/megpv00/nfs/users/muegamma/cern/gcc/4.8.4/bin/../lib/gcc/x86_64-unknown-linux-gnu/4.8.4/../../..] ==> dir [/net/megsrv00/megpv00/nfs/users/muegamma/cern/gcc/4.8.4/bin/../lib/gcc/x86_64-unknown-linux-gnu/4.8.4/../../..]
    arg [CMakeFiles/cmTC_2469e.dir/CMakeCCompilerABI.c.o] ==> ignore
    arg [-lgcc] ==> lib [gcc]
    arg [--as-needed] ==> ignore
    arg [-lgcc_s] ==> lib [gcc_s]
    arg [--no-as-needed] ==> ignore
    arg [-lc] ==> lib [c]
    arg [-lgcc] ==> lib [gcc]
    arg [--as-needed] ==> ignore
    arg [-lgcc_s] ==> lib [gcc_s]
    arg [--no-as-needed] ==> ignore
    arg [/net/megsrv00/megpv00/nfs/users/muegamma/cern/gcc/4.8.4/bin/../lib/gcc/x86_64-unknown-linux-gnu/4.8.4/crtend.o] ==> ignore
    arg [/usr/lib/../lib64/crtn.o] ==> ignore
  remove lib [gcc]
  remove lib [gcc_s]
  remove lib [gcc]
  remove lib [gcc_s]
  collapse library dir [/net/megsrv00/megpv00/nfs/users/muegamma/cern/gcc/4.8.4/bin/../lib/gcc/x86_64-unknown-linux-gnu/4.8.4] ==> [/net/megsrv00/megpv00/nfs/users/muegamma/cern/gcc/4.8.4/lib/gcc/x86_64-unknown-linux-gnu/4.8.4]
  collapse library dir [/net/megsrv00/megpv00/nfs/users/muegamma/cern/gcc/4.8.4/bin/../lib/gcc] ==> [/net/megsrv00/megpv00/nfs/users/muegamma/cern/gcc/4.8.4/lib/gcc]
  collapse library dir [/net/megsrv00/megpv00/nfs/users/muegamma/cern/gcc/4.8.4/bin/../lib/gcc/x86_64-unknown-linux-gnu/4.8.4/../../../../lib64] ==> [/net/megsrv00/megpv00/nfs/users/muegamma/cern/gcc/4.8.4/lib64]
  collapse library dir [/lib/../lib64] ==> [/lib64]
  collapse library dir [/usr/lib/../lib64] ==> [/usr/lib64]
  collapse library dir [/net/megsrv00/megpv00/nfs/users/muegamma/cern/gcc/4.8.4/bin/../lib/gcc/x86_64-unknown-linux-gnu/4.8.4/../../..] ==> [/net/megsrv00/megpv00/nfs/users/muegamma/cern/gcc/4.8.4/lib]
  implicit libs: [c]
  implicit dirs: [/net/megsrv00/megpv00/nfs/users/muegamma/cern/gcc/4.8.4/lib/gcc/x86_64-unknown-linux-gnu/4.8.4;/net/megsrv00/megpv00/nfs/users/muegamma/cern/gcc/4.8.4/lib/gcc;/net/megsrv00/megpv00/nfs/users/muegamma/cern/gcc/4.8.4/lib64;/lib64;/usr/lib64;/net/megsrv00/megpv00/nfs/users/muegamma/cern/gcc/4.8.4/lib]
  implicit fwks: []




Detecting C [-std=c11] compiler features compiled with the following output:
Change Dir: /home/torimaru/geant4_workdir/build/CMakeFiles/CMakeTmp

Run Build Command:"/usr/bin/gmake" "cmTC_3706c/fast"
/usr/bin/gmake -f CMakeFiles/cmTC_3706c.dir/build.make CMakeFiles/cmTC_3706c.dir/build
gmake[1]: Entering directory `/home/torimaru/geant4_workdir/build/CMakeFiles/CMakeTmp'
Building C object CMakeFiles/cmTC_3706c.dir/feature_tests.c.o
/cern/gcc/4.8/bin/gcc    -std=c11 -o CMakeFiles/cmTC_3706c.dir/feature_tests.c.o   -c /home/torimaru/geant4_workdir/build/CMakeFiles/feature_tests.c
Linking C executable cmTC_3706c
/usr/local/bin/cmake -E cmake_link_script CMakeFiles/cmTC_3706c.dir/link.txt --verbose=1
/cern/gcc/4.8/bin/gcc       CMakeFiles/cmTC_3706c.dir/feature_tests.c.o  -o cmTC_3706c -rdynamic 
gmake[1]: Leaving directory `/home/torimaru/geant4_workdir/build/CMakeFiles/CMakeTmp'


    Feature record: C_FEATURE:1c_function_prototypes
    Feature record: C_FEATURE:1c_restrict
    Feature record: C_FEATURE:1c_static_assert
    Feature record: C_FEATURE:1c_variadic_macros


Detecting C [-std=c99] compiler features compiled with the following output:
Change Dir: /home/torimaru/geant4_workdir/build/CMakeFiles/CMakeTmp

Run Build Command:"/usr/bin/gmake" "cmTC_8a8e0/fast"
/usr/bin/gmake -f CMakeFiles/cmTC_8a8e0.dir/build.make CMakeFiles/cmTC_8a8e0.dir/build
gmake[1]: Entering directory `/home/torimaru/geant4_workdir/build/CMakeFiles/CMakeTmp'
Building C object CMakeFiles/cmTC_8a8e0.dir/feature_tests.c.o
/cern/gcc/4.8/bin/gcc    -std=c99 -o CMakeFiles/cmTC_8a8e0.dir/feature_tests.c.o   -c /home/torimaru/geant4_workdir/build/CMakeFiles/feature_tests.c
Linking C executable cmTC_8a8e0
/usr/local/bin/cmake -E cmake_link_script CMakeFiles/cmTC_8a8e0.dir/link.txt --verbose=1
/cern/gcc/4.8/bin/gcc       CMakeFiles/cmTC_8a8e0.dir/feature_tests.c.o  -o cmTC_8a8e0 -rdynamic 
gmake[1]: Leaving directory `/home/torimaru/geant4_workdir/build/CMakeFiles/CMakeTmp'


    Feature record: C_FEATURE:1c_function_prototypes
    Feature record: C_FEATURE:1c_restrict
    Feature record: C_FEATURE:0c_static_assert
    Feature record: C_FEATURE:1c_variadic_macros


Detecting C [-std=c90] compiler features compiled with the following output:
Change Dir: /home/torimaru/geant4_workdir/build/CMakeFiles/CMakeTmp

Run Build Command:"/usr/bin/gmake" "cmTC_f5c4e/fast"
/usr/bin/gmake -f CMakeFiles/cmTC_f5c4e.dir/build.make CMakeFiles/cmTC_f5c4e.dir/build
gmake[1]: Entering directory `/home/torimaru/geant4_workdir/build/CMakeFiles/CMakeTmp'
Building C object CMakeFiles/cmTC_f5c4e.dir/feature_tests.c.o
/cern/gcc/4.8/bin/gcc    -std=c90 -o CMakeFiles/cmTC_f5c4e.dir/feature_tests.c.o   -c /home/torimaru/geant4_workdir/build/CMakeFiles/feature_tests.c
Linking C executable cmTC_f5c4e
/usr/local/bin/cmake -E cmake_link_script CMakeFiles/cmTC_f5c4e.dir/link.txt --verbose=1
/cern/gcc/4.8/bin/gcc       CMakeFiles/cmTC_f5c4e.dir/feature_tests.c.o  -o cmTC_f5c4e -rdynamic 
gmake[1]: Leaving directory `/home/torimaru/geant4_workdir/build/CMakeFiles/CMakeTmp'


    Feature record: C_FEATURE:1c_function_prototypes
    Feature record: C_FEATURE:0c_restrict
    Feature record: C_FEATURE:0c_static_assert
    Feature record: C_FEATURE:0c_variadic_macros
Determining if the CXX compiler works passed with the following output:
Change Dir: /home/torimaru/geant4_workdir/build/CMakeFiles/CMakeTmp

Run Build Command:"/usr/bin/gmake" "cmTC_41524/fast"
/usr/bin/gmake -f CMakeFiles/cmTC_41524.dir/build.make CMakeFiles/cmTC_41524.dir/build
gmake[1]: Entering directory `/home/torimaru/geant4_workdir/build/CMakeFiles/CMakeTmp'
Building CXX object CMakeFiles/cmTC_41524.dir/testCXXCompiler.cxx.o
/cern/gcc/4.8/bin/g++      -o CMakeFiles/cmTC_41524.dir/testCXXCompiler.cxx.o -c /home/torimaru/geant4_workdir/build/CMakeFiles/CMakeTmp/testCXXCompiler.cxx
Linking CXX executable cmTC_41524
/usr/local/bin/cmake -E cmake_link_script CMakeFiles/cmTC_41524.dir/link.txt --verbose=1
/cern/gcc/4.8/bin/g++        CMakeFiles/cmTC_41524.dir/testCXXCompiler.cxx.o  -o cmTC_41524 -rdynamic 
gmake[1]: Leaving directory `/home/torimaru/geant4_workdir/build/CMakeFiles/CMakeTmp'


Detecting CXX compiler ABI info compiled with the following output:
Change Dir: /home/torimaru/geant4_workdir/build/CMakeFiles/CMakeTmp

Run Build Command:"/usr/bin/gmake" "cmTC_fa730/fast"
/usr/bin/gmake -f CMakeFiles/cmTC_fa730.dir/build.make CMakeFiles/cmTC_fa730.dir/build
gmake[1]: Entering directory `/home/torimaru/geant4_workdir/build/CMakeFiles/CMakeTmp'
Building CXX object CMakeFiles/cmTC_fa730.dir/CMakeCXXCompilerABI.cpp.o
/cern/gcc/4.8/bin/g++      -o CMakeFiles/cmTC_fa730.dir/CMakeCXXCompilerABI.cpp.o -c /usr/local/share/cmake-3.7/Modules/CMakeCXXCompilerABI.cpp
Linking CXX executable cmTC_fa730
/usr/local/bin/cmake -E cmake_link_script CMakeFiles/cmTC_fa730.dir/link.txt --verbose=1
/cern/gcc/4.8/bin/g++       -v CMakeFiles/cmTC_fa730.dir/CMakeCXXCompilerABI.cpp.o  -o cmTC_fa730 -rdynamic  
Using built-in specs.
COLLECT_GCC=/cern/gcc/4.8/bin/g++
COLLECT_LTO_WRAPPER=/net/megsrv00/megpv00/nfs/users/muegamma/cern/gcc/4.8.4/bin/../libexec/gcc/x86_64-unknown-linux-gnu/4.8.4/lto-wrapper
Target: x86_64-unknown-linux-gnu
Configured with: ../configure --prefix=/usr/local/gcc/4.8.4 --enable-languages=c,c++,fortran --disable-multilib --disable-bootstrap --with-mpc=/usr/lib64
Thread model: posix
gcc version 4.8.4 (GCC) 
COMPILER_PATH=/net/megsrv00/megpv00/nfs/users/muegamma/cern/gcc/4.8.4/bin/../libexec/gcc/x86_64-unknown-linux-gnu/4.8.4/:/net/megsrv00/megpv00/nfs/users/muegamma/cern/gcc/4.8.4/bin/../libexec/gcc/:/cern/gcc/4.8/lib/gcc/x86_64-unknown-linux-gnu/4.8.4/
LIBRARY_PATH=/net/megsrv00/megpv00/nfs/users/muegamma/cern/gcc/4.8.4/bin/../lib/gcc/x86_64-unknown-linux-gnu/4.8.4/:/net/megsrv00/megpv00/nfs/users/muegamma/cern/gcc/4.8.4/bin/../lib/gcc/:/net/megsrv00/megpv00/nfs/users/muegamma/cern/gcc/4.8.4/bin/../lib/gcc/x86_64-unknown-linux-gnu/4.8.4/../../../../lib64/:/lib/../lib64/:/usr/lib/../lib64/:/net/megsrv00/megpv00/nfs/users/muegamma/cern/gcc/4.8.4/bin/../lib/gcc/x86_64-unknown-linux-gnu/4.8.4/../../../:/lib/:/usr/lib/
COLLECT_GCC_OPTIONS='-v' '-o' 'cmTC_fa730' '-rdynamic' '-shared-libgcc' '-mtune=generic' '-march=x86-64'
 /net/megsrv00/megpv00/nfs/users/muegamma/cern/gcc/4.8.4/bin/../libexec/gcc/x86_64-unknown-linux-gnu/4.8.4/collect2 --eh-frame-hdr -m elf_x86_64 -export-dynamic -dynamic-linker /lib64/ld-linux-x86-64.so.2 -o cmTC_fa730 /usr/lib/../lib64/crt1.o /usr/lib/../lib64/crti.o /net/megsrv00/megpv00/nfs/users/muegamma/cern/gcc/4.8.4/bin/../lib/gcc/x86_64-unknown-linux-gnu/4.8.4/crtbegin.o -L/net/megsrv00/megpv00/nfs/users/muegamma/cern/gcc/4.8.4/bin/../lib/gcc/x86_64-unknown-linux-gnu/4.8.4 -L/net/megsrv00/megpv00/nfs/users/muegamma/cern/gcc/4.8.4/bin/../lib/gcc -L/net/megsrv00/megpv00/nfs/users/muegamma/cern/gcc/4.8.4/bin/../lib/gcc/x86_64-unknown-linux-gnu/4.8.4/../../../../lib64 -L/lib/../lib64 -L/usr/lib/../lib64 -L/net/megsrv00/megpv00/nfs/users/muegamma/cern/gcc/4.8.4/bin/../lib/gcc/x86_64-unknown-linux-gnu/4.8.4/../../.. CMakeFiles/cmTC_fa730.dir/CMakeCXXCompilerABI.cpp.o -lstdc++ -lm -lgcc_s -lgcc -lc -lgcc_s -lgcc /net/megsrv00/megpv00/nfs/users/muegamma/cern/gcc/4.8.4/bin/../lib/gcc/x86_64-unknown-linux-gnu/4.8.4/crtend.o /usr/lib/../lib64/crtn.o
gmake[1]: Leaving directory `/home/torimaru/geant4_workdir/build/CMakeFiles/CMakeTmp'


Parsed CXX implicit link information from above output:
  link line regex: [^( *|.*[/\])(ld|([^/\]+-)?ld|collect2)[^/\]*( |$)]
  ignore line: [Change Dir: /home/torimaru/geant4_workdir/build/CMakeFiles/CMakeTmp]
  ignore line: []
  ignore line: [Run Build Command:"/usr/bin/gmake" "cmTC_fa730/fast"]
  ignore line: [/usr/bin/gmake -f CMakeFiles/cmTC_fa730.dir/build.make CMakeFiles/cmTC_fa730.dir/build]
  ignore line: [gmake[1]: Entering directory `/home/torimaru/geant4_workdir/build/CMakeFiles/CMakeTmp']
  ignore line: [Building CXX object CMakeFiles/cmTC_fa730.dir/CMakeCXXCompilerABI.cpp.o]
  ignore line: [/cern/gcc/4.8/bin/g++      -o CMakeFiles/cmTC_fa730.dir/CMakeCXXCompilerABI.cpp.o -c /usr/local/share/cmake-3.7/Modules/CMakeCXXCompilerABI.cpp]
  ignore line: [Linking CXX executable cmTC_fa730]
  ignore line: [/usr/local/bin/cmake -E cmake_link_script CMakeFiles/cmTC_fa730.dir/link.txt --verbose=1]
  ignore line: [/cern/gcc/4.8/bin/g++       -v CMakeFiles/cmTC_fa730.dir/CMakeCXXCompilerABI.cpp.o  -o cmTC_fa730 -rdynamic  ]
  ignore line: [Using built-in specs.]
  ignore line: [COLLECT_GCC=/cern/gcc/4.8/bin/g++]
  ignore line: [COLLECT_LTO_WRAPPER=/net/megsrv00/megpv00/nfs/users/muegamma/cern/gcc/4.8.4/bin/../libexec/gcc/x86_64-unknown-linux-gnu/4.8.4/lto-wrapper]
  ignore line: [Target: x86_64-unknown-linux-gnu]
  ignore line: [Configured with: ../configure --prefix=/usr/local/gcc/4.8.4 --enable-languages=c,c++,fortran --disable-multilib --disable-bootstrap --with-mpc=/usr/lib64]
  ignore line: [Thread model: posix]
  ignore line: [gcc version 4.8.4 (GCC) ]
  ignore line: [COMPILER_PATH=/net/megsrv00/megpv00/nfs/users/muegamma/cern/gcc/4.8.4/bin/../libexec/gcc/x86_64-unknown-linux-gnu/4.8.4/:/net/megsrv00/megpv00/nfs/users/muegamma/cern/gcc/4.8.4/bin/../libexec/gcc/:/cern/gcc/4.8/lib/gcc/x86_64-unknown-linux-gnu/4.8.4/]
  ignore line: [LIBRARY_PATH=/net/megsrv00/megpv00/nfs/users/muegamma/cern/gcc/4.8.4/bin/../lib/gcc/x86_64-unknown-linux-gnu/4.8.4/:/net/megsrv00/megpv00/nfs/users/muegamma/cern/gcc/4.8.4/bin/../lib/gcc/:/net/megsrv00/megpv00/nfs/users/muegamma/cern/gcc/4.8.4/bin/../lib/gcc/x86_64-unknown-linux-gnu/4.8.4/../../../../lib64/:/lib/../lib64/:/usr/lib/../lib64/:/net/megsrv00/megpv00/nfs/users/muegamma/cern/gcc/4.8.4/bin/../lib/gcc/x86_64-unknown-linux-gnu/4.8.4/../../../:/lib/:/usr/lib/]
  ignore line: [COLLECT_GCC_OPTIONS='-v' '-o' 'cmTC_fa730' '-rdynamic' '-shared-libgcc' '-mtune=generic' '-march=x86-64']
  link line: [ /net/megsrv00/megpv00/nfs/users/muegamma/cern/gcc/4.8.4/bin/../libexec/gcc/x86_64-unknown-linux-gnu/4.8.4/collect2 --eh-frame-hdr -m elf_x86_64 -export-dynamic -dynamic-linker /lib64/ld-linux-x86-64.so.2 -o cmTC_fa730 /usr/lib/../lib64/crt1.o /usr/lib/../lib64/crti.o /net/megsrv00/megpv00/nfs/users/muegamma/cern/gcc/4.8.4/bin/../lib/gcc/x86_64-unknown-linux-gnu/4.8.4/crtbegin.o -L/net/megsrv00/megpv00/nfs/users/muegamma/cern/gcc/4.8.4/bin/../lib/gcc/x86_64-unknown-linux-gnu/4.8.4 -L/net/megsrv00/megpv00/nfs/users/muegamma/cern/gcc/4.8.4/bin/../lib/gcc -L/net/megsrv00/megpv00/nfs/users/muegamma/cern/gcc/4.8.4/bin/../lib/gcc/x86_64-unknown-linux-gnu/4.8.4/../../../../lib64 -L/lib/../lib64 -L/usr/lib/../lib64 -L/net/megsrv00/megpv00/nfs/users/muegamma/cern/gcc/4.8.4/bin/../lib/gcc/x86_64-unknown-linux-gnu/4.8.4/../../.. CMakeFiles/cmTC_fa730.dir/CMakeCXXCompilerABI.cpp.o -lstdc++ -lm -lgcc_s -lgcc -lc -lgcc_s -lgcc /net/megsrv00/megpv00/nfs/users/muegamma/cern/gcc/4.8.4/bin/../lib/gcc/x86_64-unknown-linux-gnu/4.8.4/crtend.o /usr/lib/../lib64/crtn.o]
    arg [/net/megsrv00/megpv00/nfs/users/muegamma/cern/gcc/4.8.4/bin/../libexec/gcc/x86_64-unknown-linux-gnu/4.8.4/collect2] ==> ignore
    arg [--eh-frame-hdr] ==> ignore
    arg [-m] ==> ignore
    arg [elf_x86_64] ==> ignore
    arg [-export-dynamic] ==> ignore
    arg [-dynamic-linker] ==> ignore
    arg [/lib64/ld-linux-x86-64.so.2] ==> ignore
    arg [-o] ==> ignore
    arg [cmTC_fa730] ==> ignore
    arg [/usr/lib/../lib64/crt1.o] ==> ignore
    arg [/usr/lib/../lib64/crti.o] ==> ignore
    arg [/net/megsrv00/megpv00/nfs/users/muegamma/cern/gcc/4.8.4/bin/../lib/gcc/x86_64-unknown-linux-gnu/4.8.4/crtbegin.o] ==> ignore
    arg [-L/net/megsrv00/megpv00/nfs/users/muegamma/cern/gcc/4.8.4/bin/../lib/gcc/x86_64-unknown-linux-gnu/4.8.4] ==> dir [/net/megsrv00/megpv00/nfs/users/muegamma/cern/gcc/4.8.4/bin/../lib/gcc/x86_64-unknown-linux-gnu/4.8.4]
    arg [-L/net/megsrv00/megpv00/nfs/users/muegamma/cern/gcc/4.8.4/bin/../lib/gcc] ==> dir [/net/megsrv00/megpv00/nfs/users/muegamma/cern/gcc/4.8.4/bin/../lib/gcc]
    arg [-L/net/megsrv00/megpv00/nfs/users/muegamma/cern/gcc/4.8.4/bin/../lib/gcc/x86_64-unknown-linux-gnu/4.8.4/../../../../lib64] ==> dir [/net/megsrv00/megpv00/nfs/users/muegamma/cern/gcc/4.8.4/bin/../lib/gcc/x86_64-unknown-linux-gnu/4.8.4/../../../../lib64]
    arg [-L/lib/../lib64] ==> dir [/lib/../lib64]
    arg [-L/usr/lib/../lib64] ==> dir [/usr/lib/../lib64]
    arg [-L/net/megsrv00/megpv00/nfs/users/muegamma/cern/gcc/4.8.4/bin/../lib/gcc/x86_64-unknown-linux-gnu/4.8.4/../../..] ==> dir [/net/megsrv00/megpv00/nfs/users/muegamma/cern/gcc/4.8.4/bin/../lib/gcc/x86_64-unknown-linux-gnu/4.8.4/../../..]
    arg [CMakeFiles/cmTC_fa730.dir/CMakeCXXCompilerABI.cpp.o] ==> ignore
    arg [-lstdc++] ==> lib [stdc++]
    arg [-lm] ==> lib [m]
    arg [-lgcc_s] ==> lib [gcc_s]
    arg [-lgcc] ==> lib [gcc]
    arg [-lc] ==> lib [c]
    arg [-lgcc_s] ==> lib [gcc_s]
    arg [-lgcc] ==> lib [gcc]
    arg [/net/megsrv00/megpv00/nfs/users/muegamma/cern/gcc/4.8.4/bin/../lib/gcc/x86_64-unknown-linux-gnu/4.8.4/crtend.o] ==> ignore
    arg [/usr/lib/../lib64/crtn.o] ==> ignore
  remove lib [gcc_s]
  remove lib [gcc]
  remove lib [gcc_s]
  remove lib [gcc]
  collapse library dir [/net/megsrv00/megpv00/nfs/users/muegamma/cern/gcc/4.8.4/bin/../lib/gcc/x86_64-unknown-linux-gnu/4.8.4] ==> [/net/megsrv00/megpv00/nfs/users/muegamma/cern/gcc/4.8.4/lib/gcc/x86_64-unknown-linux-gnu/4.8.4]
  collapse library dir [/net/megsrv00/megpv00/nfs/users/muegamma/cern/gcc/4.8.4/bin/../lib/gcc] ==> [/net/megsrv00/megpv00/nfs/users/muegamma/cern/gcc/4.8.4/lib/gcc]
  collapse library dir [/net/megsrv00/megpv00/nfs/users/muegamma/cern/gcc/4.8.4/bin/../lib/gcc/x86_64-unknown-linux-gnu/4.8.4/../../../../lib64] ==> [/net/megsrv00/megpv00/nfs/users/muegamma/cern/gcc/4.8.4/lib64]
  collapse library dir [/lib/../lib64] ==> [/lib64]
  collapse library dir [/usr/lib/../lib64] ==> [/usr/lib64]
  collapse library dir [/net/megsrv00/megpv00/nfs/users/muegamma/cern/gcc/4.8.4/bin/../lib/gcc/x86_64-unknown-linux-gnu/4.8.4/../../..] ==> [/net/megsrv00/megpv00/nfs/users/muegamma/cern/gcc/4.8.4/lib]
  implicit libs: [stdc++;m;c]
  implicit dirs: [/net/megsrv00/megpv00/nfs/users/muegamma/cern/gcc/4.8.4/lib/gcc/x86_64-unknown-linux-gnu/4.8.4;/net/megsrv00/megpv00/nfs/users/muegamma/cern/gcc/4.8.4/lib/gcc;/net/megsrv00/megpv00/nfs/users/muegamma/cern/gcc/4.8.4/lib64;/lib64;/usr/lib64;/net/megsrv00/megpv00/nfs/users/muegamma/cern/gcc/4.8.4/lib]
  implicit fwks: []




Detecting CXX [-std=c++1y] compiler features compiled with the following output:
Change Dir: /home/torimaru/geant4_workdir/build/CMakeFiles/CMakeTmp

Run Build Command:"/usr/bin/gmake" "cmTC_5ca56/fast"
/usr/bin/gmake -f CMakeFiles/cmTC_5ca56.dir/build.make CMakeFiles/cmTC_5ca56.dir/build
gmake[1]: Entering directory `/home/torimaru/geant4_workdir/build/CMakeFiles/CMakeTmp'
Building CXX object CMakeFiles/cmTC_5ca56.dir/feature_tests.cxx.o
/cern/gcc/4.8/bin/g++     -std=c++1y -o CMakeFiles/cmTC_5ca56.dir/feature_tests.cxx.o -c /home/torimaru/geant4_workdir/build/CMakeFiles/feature_tests.cxx
Linking CXX executable cmTC_5ca56
/usr/local/bin/cmake -E cmake_link_script CMakeFiles/cmTC_5ca56.dir/link.txt --verbose=1
/cern/gcc/4.8/bin/g++        CMakeFiles/cmTC_5ca56.dir/feature_tests.cxx.o  -o cmTC_5ca56 -rdynamic 
gmake[1]: Leaving directory `/home/torimaru/geant4_workdir/build/CMakeFiles/CMakeTmp'


    Feature record: CXX_FEATURE:0cxx_aggregate_default_initializers
    Feature record: CXX_FEATURE:1cxx_alias_templates
    Feature record: CXX_FEATURE:1cxx_alignas
    Feature record: CXX_FEATURE:1cxx_alignof
    Feature record: CXX_FEATURE:1cxx_attributes
    Feature record: CXX_FEATURE:0cxx_attribute_deprecated
    Feature record: CXX_FEATURE:1cxx_auto_type
    Feature record: CXX_FEATURE:0cxx_binary_literals
    Feature record: CXX_FEATURE:1cxx_constexpr
    Feature record: CXX_FEATURE:0cxx_contextual_conversions
    Feature record: CXX_FEATURE:1cxx_decltype
    Feature record: CXX_FEATURE:0cxx_decltype_auto
    Feature record: CXX_FEATURE:1cxx_decltype_incomplete_return_types
    Feature record: CXX_FEATURE:1cxx_default_function_template_args
    Feature record: CXX_FEATURE:1cxx_defaulted_functions
    Feature record: CXX_FEATURE:1cxx_defaulted_move_initializers
    Feature record: CXX_FEATURE:1cxx_delegating_constructors
    Feature record: CXX_FEATURE:1cxx_deleted_functions
    Feature record: CXX_FEATURE:0cxx_digit_separators
    Feature record: CXX_FEATURE:1cxx_enum_forward_declarations
    Feature record: CXX_FEATURE:1cxx_explicit_conversions
    Feature record: CXX_FEATURE:1cxx_extended_friend_declarations
    Feature record: CXX_FEATURE:1cxx_extern_templates
    Feature record: CXX_FEATURE:1cxx_final
    Feature record: CXX_FEATURE:1cxx_func_identifier
    Feature record: CXX_FEATURE:1cxx_generalized_initializers
    Feature record: CXX_FEATURE:0cxx_generic_lambdas
    Feature record: CXX_FEATURE:1cxx_inheriting_constructors
    Feature record: CXX_FEATURE:1cxx_inline_namespaces
    Feature record: CXX_FEATURE:1cxx_lambdas
    Feature record: CXX_FEATURE:0cxx_lambda_init_captures
    Feature record: CXX_FEATURE:1cxx_local_type_template_args
    Feature record: CXX_FEATURE:1cxx_long_long_type
    Feature record: CXX_FEATURE:1cxx_noexcept
    Feature record: CXX_FEATURE:1cxx_nonstatic_member_init
    Feature record: CXX_FEATURE:1cxx_nullptr
    Feature record: CXX_FEATURE:1cxx_override
    Feature record: CXX_FEATURE:1cxx_range_for
    Feature record: CXX_FEATURE:1cxx_raw_string_literals
    Feature record: CXX_FEATURE:1cxx_reference_qualified_functions
    Feature record: CXX_FEATURE:0cxx_relaxed_constexpr
    Feature record: CXX_FEATURE:0cxx_return_type_deduction
    Feature record: CXX_FEATURE:1cxx_right_angle_brackets
    Feature record: CXX_FEATURE:1cxx_rvalue_references
    Feature record: CXX_FEATURE:1cxx_sizeof_member
    Feature record: CXX_FEATURE:1cxx_static_assert
    Feature record: CXX_FEATURE:1cxx_strong_enums
    Feature record: CXX_FEATURE:1cxx_template_template_parameters
    Feature record: CXX_FEATURE:1cxx_thread_local
    Feature record: CXX_FEATURE:1cxx_trailing_return_types
    Feature record: CXX_FEATURE:1cxx_unicode_literals
    Feature record: CXX_FEATURE:1cxx_uniform_initialization
    Feature record: CXX_FEATURE:1cxx_unrestricted_unions
    Feature record: CXX_FEATURE:1cxx_user_literals
    Feature record: CXX_FEATURE:0cxx_variable_templates
    Feature record: CXX_FEATURE:1cxx_variadic_macros
    Feature record: CXX_FEATURE:1cxx_variadic_templates


Detecting CXX [-std=c++11] compiler features compiled with the following output:
Change Dir: /home/torimaru/geant4_workdir/build/CMakeFiles/CMakeTmp

Run Build Command:"/usr/bin/gmake" "cmTC_cd784/fast"
/usr/bin/gmake -f CMakeFiles/cmTC_cd784.dir/build.make CMakeFiles/cmTC_cd784.dir/build
gmake[1]: Entering directory `/home/torimaru/geant4_workdir/build/CMakeFiles/CMakeTmp'
Building CXX object CMakeFiles/cmTC_cd784.dir/feature_tests.cxx.o
/cern/gcc/4.8/bin/g++     -std=c++11 -o CMakeFiles/cmTC_cd784.dir/feature_tests.cxx.o -c /home/torimaru/geant4_workdir/build/CMakeFiles/feature_tests.cxx
Linking CXX executable cmTC_cd784
/usr/local/bin/cmake -E cmake_link_script CMakeFiles/cmTC_cd784.dir/link.txt --verbose=1
/cern/gcc/4.8/bin/g++        CMakeFiles/cmTC_cd784.dir/feature_tests.cxx.o  -o cmTC_cd784 -rdynamic 
gmake[1]: Leaving directory `/home/torimaru/geant4_workdir/build/CMakeFiles/CMakeTmp'


    Feature record: CXX_FEATURE:0cxx_aggregate_default_initializers
    Feature record: CXX_FEATURE:1cxx_alias_templates
    Feature record: CXX_FEATURE:1cxx_alignas
    Feature record: CXX_FEATURE:1cxx_alignof
    Feature record: CXX_FEATURE:1cxx_attributes
    Feature record: CXX_FEATURE:0cxx_attribute_deprecated
    Feature record: CXX_FEATURE:1cxx_auto_type
    Feature record: CXX_FEATURE:0cxx_binary_literals
    Feature record: CXX_FEATURE:1cxx_constexpr
    Feature record: CXX_FEATURE:0cxx_contextual_conversions
    Feature record: CXX_FEATURE:1cxx_decltype
    Feature record: CXX_FEATURE:0cxx_decltype_auto
    Feature record: CXX_FEATURE:1cxx_decltype_incomplete_return_types
    Feature record: CXX_FEATURE:1cxx_default_function_template_args
    Feature record: CXX_FEATURE:1cxx_defaulted_functions
    Feature record: CXX_FEATURE:1cxx_defaulted_move_initializers
    Feature record: CXX_FEATURE:1cxx_delegating_constructors
    Feature record: CXX_FEATURE:1cxx_deleted_functions
    Feature record: CXX_FEATURE:0cxx_digit_separators
    Feature record: CXX_FEATURE:1cxx_enum_forward_declarations
    Feature record: CXX_FEATURE:1cxx_explicit_conversions
    Feature record: CXX_FEATURE:1cxx_extended_friend_declarations
    Feature record: CXX_FEATURE:1cxx_extern_templates
    Feature record: CXX_FEATURE:1cxx_final
    Feature record: CXX_FEATURE:1cxx_func_identifier
    Feature record: CXX_FEATURE:1cxx_generalized_initializers
    Feature record: CXX_FEATURE:0cxx_generic_lambdas
    Feature record: CXX_FEATURE:1cxx_inheriting_constructors
    Feature record: CXX_FEATURE:1cxx_inline_namespaces
    Feature record: CXX_FEATURE:1cxx_lambdas
    Feature record: CXX_FEATURE:0cxx_lambda_init_captures
    Feature record: CXX_FEATURE:1cxx_local_type_template_args
    Feature record: CXX_FEATURE:1cxx_long_long_type
    Feature record: CXX_FEATURE:1cxx_noexcept
    Feature record: CXX_FEATURE:1cxx_nonstatic_member_init
    Feature record: CXX_FEATURE:1cxx_nullptr
    Feature record: CXX_FEATURE:1cxx_override
    Feature record: CXX_FEATURE:1cxx_range_for
    Feature record: CXX_FEATURE:1cxx_raw_string_literals
    Feature record: CXX_FEATURE:1cxx_reference_qualified_functions
    Feature record: CXX_FEATURE:0cxx_relaxed_constexpr
    Feature record: CXX_FEATURE:0cxx_return_type_deduction
    Feature record: CXX_FEATURE:1cxx_right_angle_brackets
    Feature record: CXX_FEATURE:1cxx_rvalue_references
    Feature record: CXX_FEATURE:1cxx_sizeof_member
    Feature record: CXX_FEATURE:1cxx_static_assert
    Feature record: CXX_FEATURE:1cxx_strong_enums
    Feature record: CXX_FEATURE:1cxx_template_template_parameters
    Feature record: CXX_FEATURE:1cxx_thread_local
    Feature record: CXX_FEATURE:1cxx_trailing_return_types
    Feature record: CXX_FEATURE:1cxx_unicode_literals
    Feature record: CXX_FEATURE:1cxx_uniform_initialization
    Feature record: CXX_FEATURE:1cxx_unrestricted_unions
    Feature record: CXX_FEATURE:1cxx_user_literals
    Feature record: CXX_FEATURE:0cxx_variable_templates
    Feature record: CXX_FEATURE:1cxx_variadic_macros
    Feature record: CXX_FEATURE:1cxx_variadic_templates


Detecting CXX [-std=c++98] compiler features compiled with the following output:
Change Dir: /home/torimaru/geant4_workdir/build/CMakeFiles/CMakeTmp

Run Build Command:"/usr/bin/gmake" "cmTC_f288f/fast"
/usr/bin/gmake -f CMakeFiles/cmTC_f288f.dir/build.make CMakeFiles/cmTC_f288f.dir/build
gmake[1]: Entering directory `/home/torimaru/geant4_workdir/build/CMakeFiles/CMakeTmp'
Building CXX object CMakeFiles/cmTC_f288f.dir/feature_tests.cxx.o
/cern/gcc/4.8/bin/g++     -std=c++98 -o CMakeFiles/cmTC_f288f.dir/feature_tests.cxx.o -c /home/torimaru/geant4_workdir/build/CMakeFiles/feature_tests.cxx
Linking CXX executable cmTC_f288f
/usr/local/bin/cmake -E cmake_link_script CMakeFiles/cmTC_f288f.dir/link.txt --verbose=1
/cern/gcc/4.8/bin/g++        CMakeFiles/cmTC_f288f.dir/feature_tests.cxx.o  -o cmTC_f288f -rdynamic 
gmake[1]: Leaving directory `/home/torimaru/geant4_workdir/build/CMakeFiles/CMakeTmp'


    Feature record: CXX_FEATURE:0cxx_aggregate_default_initializers
    Feature record: CXX_FEATURE:0cxx_alias_templates
    Feature record: CXX_FEATURE:0cxx_alignas
    Feature record: CXX_FEATURE:0cxx_alignof
    Feature record: CXX_FEATURE:0cxx_attributes
    Feature record: CXX_FEATURE:0cxx_attribute_deprecated
    Feature record: CXX_FEATURE:0cxx_auto_type
    Feature record: CXX_FEATURE:0cxx_binary_literals
    Feature record: CXX_FEATURE:0cxx_constexpr
    Feature record: CXX_FEATURE:0cxx_contextual_conversions
    Feature record: CXX_FEATURE:0cxx_decltype
    Feature record: CXX_FEATURE:0cxx_decltype_auto
    Feature record: CXX_FEATURE:0cxx_decltype_incomplete_return_types
    Feature record: CXX_FEATURE:0cxx_default_function_template_args
    Feature record: CXX_FEATURE:0cxx_defaulted_functions
    Feature record: CXX_FEATURE:0cxx_defaulted_move_initializers
    Feature record: CXX_FEATURE:0cxx_delegating_constructors
    Feature record: CXX_FEATURE:0cxx_deleted_functions
    Feature record: CXX_FEATURE:0cxx_digit_separators
    Feature record: CXX_FEATURE:0cxx_enum_forward_declarations
    Feature record: CXX_FEATURE:0cxx_explicit_conversions
    Feature record: CXX_FEATURE:0cxx_extended_friend_declarations
    Feature record: CXX_FEATURE:0cxx_extern_templates
    Feature record: CXX_FEATURE:0cxx_final
    Feature record: CXX_FEATURE:0cxx_func_identifier
    Feature record: CXX_FEATURE:0cxx_generalized_initializers
    Feature record: CXX_FEATURE:0cxx_generic_lambdas
    Feature record: CXX_FEATURE:0cxx_inheriting_constructors
    Feature record: CXX_FEATURE:0cxx_inline_namespaces
    Feature record: CXX_FEATURE:0cxx_lambdas
    Feature record: CXX_FEATURE:0cxx_lambda_init_captures
    Feature record: CXX_FEATURE:0cxx_local_type_template_args
    Feature record: CXX_FEATURE:0cxx_long_long_type
    Feature record: CXX_FEATURE:0cxx_noexcept
    Feature record: CXX_FEATURE:0cxx_nonstatic_member_init
    Feature record: CXX_FEATURE:0cxx_nullptr
    Feature record: CXX_FEATURE:0cxx_override
    Feature record: CXX_FEATURE:0cxx_range_for
    Feature record: CXX_FEATURE:0cxx_raw_string_literals
    Feature record: CXX_FEATURE:0cxx_reference_qualified_functions
    Feature record: CXX_FEATURE:0cxx_relaxed_constexpr
    Feature record: CXX_FEATURE:0cxx_return_type_deduction
    Feature record: CXX_FEATURE:0cxx_right_angle_brackets
    Feature record: CXX_FEATURE:0cxx_rvalue_references
    Feature record: CXX_FEATURE:0cxx_sizeof_member
    Feature record: CXX_FEATURE:0cxx_static_assert
    Feature record: CXX_FEATURE:0cxx_strong_enums
    Feature record: CXX_FEATURE:1cxx_template_template_parameters
    Feature record: CXX_FEATURE:0cxx_thread_local
    Feature record: CXX_FEATURE:0cxx_trailing_return_types
    Feature record: CXX_FEATURE:0cxx_unicode_literals
    Feature record: CXX_FEATURE:0cxx_uniform_initialization
    Feature record: CXX_FEATURE:0cxx_unrestricted_unions
    Feature record: CXX_FEATURE:0cxx_user_literals
    Feature record: CXX_FEATURE:0cxx_variable_templates
    Feature record: CXX_FEATURE:0cxx_variadic_macros
    Feature record: CXX_FEATURE:0cxx_variadic_templates
